This file contains any messages produced by compilers while
running configure, to aid debugging if configure makes a mistake.

It was created by CVD configure 0.8, which was
generated by GNU Autoconf 2.68.  Invocation command line was

  $ ./configure 

## --------- ##
## Platform. ##
## --------- ##

hostname = ground
uname -m = x86_64
uname -r = 4.4.0-66-generic
uname -s = Linux
uname -v = #87-Ubuntu SMP Fri Mar 3 15:29:05 UTC 2017

/usr/bin/uname -p = unknown
/bin/uname -X     = unknown

/bin/arch              = unknown
/usr/bin/arch -k       = unknown
/usr/convex/getsysinfo = unknown
/usr/bin/hostinfo      = unknown
/bin/machine           = unknown
/usr/bin/oslevel       = unknown
/bin/universe          = unknown

PATH: /opt/ros/kinetic/bin
PATH: /home/ground/bin
PATH: /home/ground/.local/bin
PATH: /usr/local/sbin
PATH: /usr/local/bin
PATH: /usr/sbin
PATH: /usr/bin
PATH: /sbin
PATH: /bin
PATH: /usr/games
PATH: /usr/local/games
PATH: /snap/bin
PATH: /usr/local/cuda/bin


## ----------- ##
## Core tests. ##
## ----------- ##

configure:2640: checking for gcc
configure:2656: found /usr/bin/gcc
configure:2667: result: gcc
configure:2896: checking for C compiler version
configure:2905: gcc --version >&5
gcc (Ubuntu 5.4.0-6ubuntu1~16.04.4) 5.4.0 20160609
Copyright (C) 2015 Free Software Foundation, Inc.
This is free software; see the source for copying conditions.  There is NO
warranty; not even for MERCHANTABILITY or FITNESS FOR A PARTICULAR PURPOSE.

configure:2916: $? = 0
configure:2905: gcc -v >&5
Using built-in specs.
COLLECT_GCC=gcc
COLLECT_LTO_WRAPPER=/usr/lib/gcc/x86_64-linux-gnu/5/lto-wrapper
Target: x86_64-linux-gnu
Configured with: ../src/configure -v --with-pkgversion='Ubuntu 5.4.0-6ubuntu1~16.04.4' --with-bugurl=file:///usr/share/doc/gcc-5/README.Bugs --enable-languages=c,ada,c++,java,go,d,fortran,objc,obj-c++ --prefix=/usr --program-suffix=-5 --enable-shared --enable-linker-build-id --libexecdir=/usr/lib --without-included-gettext --enable-threads=posix --libdir=/usr/lib --enable-nls --with-sysroot=/ --enable-clocale=gnu --enable-libstdcxx-debug --enable-libstdcxx-time=yes --with-default-libstdcxx-abi=new --enable-gnu-unique-object --disable-vtable-verify --enable-libmpx --enable-plugin --with-system-zlib --disable-browser-plugin --enable-java-awt=gtk --enable-gtk-cairo --with-java-home=/usr/lib/jvm/java-1.5.0-gcj-5-amd64/jre --enable-java-home --with-jvm-root-dir=/usr/lib/jvm/java-1.5.0-gcj-5-amd64 --with-jvm-jar-dir=/usr/lib/jvm-exports/java-1.5.0-gcj-5-amd64 --with-arch-directory=amd64 --with-ecj-jar=/usr/share/java/eclipse-ecj.jar --enable-objc-gc --enable-multiarch --disable-werror --with-arch-32=i686 --with-abi=m64 --with-multilib-list=m32,m64,mx32 --enable-multilib --with-tune=generic --enable-checking=release --build=x86_64-linux-gnu --host=x86_64-linux-gnu --target=x86_64-linux-gnu
Thread model: posix
gcc version 5.4.0 20160609 (Ubuntu 5.4.0-6ubuntu1~16.04.4) 
configure:2916: $? = 0
configure:2905: gcc -V >&5
gcc: error: unrecognized command line option '-V'
gcc: fatal error: no input files
compilation terminated.
configure:2916: $? = 1
configure:2905: gcc -qversion >&5
gcc: error: unrecognized command line option '-qversion'
gcc: fatal error: no input files
compilation terminated.
configure:2916: $? = 1
configure:2936: checking whether the C compiler works
configure:2958: gcc    conftest.c  >&5
configure:2962: $? = 0
configure:3010: result: yes
configure:3013: checking for C compiler default output file name
configure:3015: result: a.out
configure:3021: checking for suffix of executables
configure:3028: gcc -o conftest    conftest.c  >&5
configure:3032: $? = 0
configure:3054: result: 
configure:3076: checking whether we are cross compiling
configure:3084: gcc -o conftest    conftest.c  >&5
configure:3088: $? = 0
configure:3095: ./conftest
configure:3099: $? = 0
configure:3114: result: no
configure:3119: checking for suffix of object files
configure:3141: gcc -c   conftest.c >&5
configure:3145: $? = 0
configure:3166: result: o
configure:3170: checking whether we are using the GNU C compiler
configure:3189: gcc -c   conftest.c >&5
configure:3189: $? = 0
configure:3198: result: yes
configure:3207: checking whether gcc accepts -g
configure:3227: gcc -c -g  conftest.c >&5
configure:3227: $? = 0
configure:3268: result: yes
configure:3285: checking for gcc option to accept ISO C89
configure:3349: gcc  -c -g -O2  conftest.c >&5
configure:3349: $? = 0
configure:3362: result: none needed
configure:3388: checking how to run the C preprocessor
configure:3419: gcc -E  conftest.c
configure:3419: $? = 0
configure:3433: gcc -E  conftest.c
conftest.c:9:28: fatal error: ac_nonexistent.h: No such file or directory
compilation terminated.
configure:3433: $? = 1
configure: failed program was:
| /* confdefs.h */
| #define PACKAGE_NAME "CVD"
| #define PACKAGE_TARNAME "cvd"
| #define PACKAGE_VERSION "0.8"
| #define PACKAGE_STRING "CVD 0.8"
| #define PACKAGE_BUGREPORT ""
| #define PACKAGE_URL ""
| /* end confdefs.h.  */
| #include <ac_nonexistent.h>
configure:3458: result: gcc -E
configure:3478: gcc -E  conftest.c
configure:3478: $? = 0
configure:3492: gcc -E  conftest.c
conftest.c:9:28: fatal error: ac_nonexistent.h: No such file or directory
compilation terminated.
configure:3492: $? = 1
configure: failed program was:
| /* confdefs.h */
| #define PACKAGE_NAME "CVD"
| #define PACKAGE_TARNAME "cvd"
| #define PACKAGE_VERSION "0.8"
| #define PACKAGE_STRING "CVD 0.8"
| #define PACKAGE_BUGREPORT ""
| #define PACKAGE_URL ""
| /* end confdefs.h.  */
| #include <ac_nonexistent.h>
configure:3521: checking for grep that handles long lines and -e
configure:3579: result: /bin/grep
configure:3584: checking for egrep
configure:3646: result: /bin/grep -E
configure:3651: checking for ANSI C header files
configure:3671: gcc -c -g -O2  conftest.c >&5
configure:3671: $? = 0
configure:3744: gcc -o conftest -g -O2   conftest.c  >&5
configure:3744: $? = 0
configure:3744: ./conftest
configure:3744: $? = 0
configure:3755: result: yes
configure:3768: checking for gawk
configure:3798: result: no
configure:3768: checking for mawk
configure:3784: found /usr/bin/mawk
configure:3795: result: mawk
configure:3864: checking for g++
configure:3880: found /usr/bin/g++
configure:3891: result: g++
configure:3918: checking for C++ compiler version
configure:3927: g++ --version >&5
g++ (Ubuntu 5.4.0-6ubuntu1~16.04.4) 5.4.0 20160609
Copyright (C) 2015 Free Software Foundation, Inc.
This is free software; see the source for copying conditions.  There is NO
warranty; not even for MERCHANTABILITY or FITNESS FOR A PARTICULAR PURPOSE.

configure:3938: $? = 0
configure:3927: g++ -v >&5
Using built-in specs.
COLLECT_GCC=g++
COLLECT_LTO_WRAPPER=/usr/lib/gcc/x86_64-linux-gnu/5/lto-wrapper
Target: x86_64-linux-gnu
Configured with: ../src/configure -v --with-pkgversion='Ubuntu 5.4.0-6ubuntu1~16.04.4' --with-bugurl=file:///usr/share/doc/gcc-5/README.Bugs --enable-languages=c,ada,c++,java,go,d,fortran,objc,obj-c++ --prefix=/usr --program-suffix=-5 --enable-shared --enable-linker-build-id --libexecdir=/usr/lib --without-included-gettext --enable-threads=posix --libdir=/usr/lib --enable-nls --with-sysroot=/ --enable-clocale=gnu --enable-libstdcxx-debug --enable-libstdcxx-time=yes --with-default-libstdcxx-abi=new --enable-gnu-unique-object --disable-vtable-verify --enable-libmpx --enable-plugin --with-system-zlib --disable-browser-plugin --enable-java-awt=gtk --enable-gtk-cairo --with-java-home=/usr/lib/jvm/java-1.5.0-gcj-5-amd64/jre --enable-java-home --with-jvm-root-dir=/usr/lib/jvm/java-1.5.0-gcj-5-amd64 --with-jvm-jar-dir=/usr/lib/jvm-exports/java-1.5.0-gcj-5-amd64 --with-arch-directory=amd64 --with-ecj-jar=/usr/share/java/eclipse-ecj.jar --enable-objc-gc --enable-multiarch --disable-werror --with-arch-32=i686 --with-abi=m64 --with-multilib-list=m32,m64,mx32 --enable-multilib --with-tune=generic --enable-checking=release --build=x86_64-linux-gnu --host=x86_64-linux-gnu --target=x86_64-linux-gnu
Thread model: posix
gcc version 5.4.0 20160609 (Ubuntu 5.4.0-6ubuntu1~16.04.4) 
configure:3938: $? = 0
configure:3927: g++ -V >&5
g++: error: unrecognized command line option '-V'
g++: fatal error: no input files
compilation terminated.
configure:3938: $? = 1
configure:3927: g++ -qversion >&5
g++: error: unrecognized command line option '-qversion'
g++: fatal error: no input files
compilation terminated.
configure:3938: $? = 1
configure:3942: checking whether we are using the GNU C++ compiler
configure:3961: g++ -c   conftest.cpp >&5
configure:3961: $? = 0
configure:3970: result: yes
configure:3979: checking whether g++ accepts -g
configure:3999: g++ -c -g  conftest.cpp >&5
configure:3999: $? = 0
configure:4040: result: yes
configure:4106: checking for a BSD-compatible install
configure:4174: result: /usr/bin/install -c
configure:4185: checking whether ln -s works
configure:4189: result: yes
configure:4239: checking for ranlib
configure:4255: found /usr/bin/ranlib
configure:4266: result: ranlib
configure:4301: checking how to run the C++ preprocessor
configure:4328: g++ -E  conftest.cpp
configure:4328: $? = 0
configure:4342: g++ -E  conftest.cpp
conftest.cpp:10:28: fatal error: ac_nonexistent.h: No such file or directory
compilation terminated.
configure:4342: $? = 1
configure: failed program was:
| /* confdefs.h */
| #define PACKAGE_NAME "CVD"
| #define PACKAGE_TARNAME "cvd"
| #define PACKAGE_VERSION "0.8"
| #define PACKAGE_STRING "CVD 0.8"
| #define PACKAGE_BUGREPORT ""
| #define PACKAGE_URL ""
| #define STDC_HEADERS 1
| /* end confdefs.h.  */
| #include <ac_nonexistent.h>
configure:4367: result: g++ -E
configure:4387: g++ -E  conftest.cpp
configure:4387: $? = 0
configure:4401: g++ -E  conftest.cpp
conftest.cpp:10:28: fatal error: ac_nonexistent.h: No such file or directory
compilation terminated.
configure:4401: $? = 1
configure: failed program was:
| /* confdefs.h */
| #define PACKAGE_NAME "CVD"
| #define PACKAGE_TARNAME "cvd"
| #define PACKAGE_VERSION "0.8"
| #define PACKAGE_STRING "CVD 0.8"
| #define PACKAGE_BUGREPORT ""
| #define PACKAGE_URL ""
| #define STDC_HEADERS 1
| /* end confdefs.h.  */
| #include <ac_nonexistent.h>
configure:4485: checking build system type
configure:4499: result: x86_64-unknown-linux-gnu
configure:4519: checking host system type
configure:4532: result: x86_64-unknown-linux-gnu
configure:4561: checking if compiler flag -Wall works
configure:4576: g++ -c -g -O2 -Wall  conftest.cpp >&5
configure:4576: $? = 0
configure:4589: result: yes
configure:4602: checking if compiler flag -Wextra works
configure:4617: g++ -c -g -O2 -Wall -Wextra  conftest.cpp >&5
configure:4617: $? = 0
configure:4630: result: yes
configure:4643: checking if compiler flag -pipe works
configure:4658: g++ -c -g -O2 -Wall -Wextra -pipe  conftest.cpp >&5
configure:4658: $? = 0
configure:4671: result: yes
configure:4698: checking if compiler flag -ggdb works
configure:4713: g++ -c -g  -Wall -Wextra -pipe -ggdb  -INONE/include conftest.cpp >&5
configure:4713: $? = 0
configure:4726: result: yes
configure:4749: checking if -D_GLIBCXX_DEBUG can works...
configure:4761: g++ -c -g  -Wall -Wextra -pipe -ggdb  -INONE/include conftest.cpp >&5
configure:4761: $? = 0
configure:4768: result: yes
configure:4795: checking if compiler flag -fPIC works
configure:4810: g++ -c -g  -Wall -Wextra -pipe -ggdb -fPIC  -INONE/include conftest.cpp >&5
configure:4810: $? = 0
configure:4823: result: yes
configure:4868: checking if compiler flag -O3 works
configure:4883: g++ -c  -O3  -INONE/include conftest.cpp >&5
configure:4883: $? = 0
configure:4896: result: yes
configure:4931: checking for sys/types.h
configure:4931: g++ -c -g  -Wall -Wextra -pipe -ggdb -fPIC  -INONE/include conftest.cpp >&5
configure:4931: $? = 0
configure:4931: result: yes
configure:4931: checking for sys/stat.h
configure:4931: g++ -c -g  -Wall -Wextra -pipe -ggdb -fPIC  -INONE/include conftest.cpp >&5
configure:4931: $? = 0
configure:4931: result: yes
configure:4931: checking for stdlib.h
configure:4931: g++ -c -g  -Wall -Wextra -pipe -ggdb -fPIC  -INONE/include conftest.cpp >&5
configure:4931: $? = 0
configure:4931: result: yes
configure:4931: checking for string.h
configure:4931: g++ -c -g  -Wall -Wextra -pipe -ggdb -fPIC  -INONE/include conftest.cpp >&5
configure:4931: $? = 0
configure:4931: result: yes
configure:4931: checking for memory.h
configure:4931: g++ -c -g  -Wall -Wextra -pipe -ggdb -fPIC  -INONE/include conftest.cpp >&5
configure:4931: $? = 0
configure:4931: result: yes
configure:4931: checking for strings.h
configure:4931: g++ -c -g  -Wall -Wextra -pipe -ggdb -fPIC  -INONE/include conftest.cpp >&5
configure:4931: $? = 0
configure:4931: result: yes
configure:4931: checking for inttypes.h
configure:4931: g++ -c -g  -Wall -Wextra -pipe -ggdb -fPIC  -INONE/include conftest.cpp >&5
configure:4931: $? = 0
configure:4931: result: yes
configure:4931: checking for stdint.h
configure:4931: g++ -c -g  -Wall -Wextra -pipe -ggdb -fPIC  -INONE/include conftest.cpp >&5
configure:4931: $? = 0
configure:4931: result: yes
configure:4931: checking for unistd.h
configure:4931: g++ -c -g  -Wall -Wextra -pipe -ggdb -fPIC  -INONE/include conftest.cpp >&5
configure:4931: $? = 0
configure:4931: result: yes
configure:4943: checking whether byte ordering is bigendian
configure:4958: g++ -c -g  -Wall -Wextra -pipe -ggdb -fPIC  -INONE/include conftest.cpp >&5
conftest.cpp:22:9: error: expected unqualified-id before 'not' token
         not a universal capable compiler
         ^
configure:4958: $? = 1
configure: failed program was:
| /* confdefs.h */
| #define PACKAGE_NAME "CVD"
| #define PACKAGE_TARNAME "cvd"
| #define PACKAGE_VERSION "0.8"
| #define PACKAGE_STRING "CVD 0.8"
| #define PACKAGE_BUGREPORT ""
| #define PACKAGE_URL ""
| #define STDC_HEADERS 1
| #define CVD_MAJOR_VERSION 0
| #define CVD_MINOR_VERSION 8
| #define HAVE_SYS_TYPES_H 1
| #define HAVE_SYS_STAT_H 1
| #define HAVE_STDLIB_H 1
| #define HAVE_STRING_H 1
| #define HAVE_MEMORY_H 1
| #define HAVE_STRINGS_H 1
| #define HAVE_INTTYPES_H 1
| #define HAVE_STDINT_H 1
| #define HAVE_UNISTD_H 1
| /* end confdefs.h.  */
| #ifndef __APPLE_CC__
| 	       not a universal capable compiler
| 	     #endif
| 	     typedef int dummy;
| 
configure:5003: g++ -c -g  -Wall -Wextra -pipe -ggdb -fPIC  -INONE/include conftest.cpp >&5
configure:5003: $? = 0
configure:5021: g++ -c -g  -Wall -Wextra -pipe -ggdb -fPIC  -INONE/include conftest.cpp >&5
conftest.cpp: In function 'int main()':
conftest.cpp:28:8: error: 'big' was not declared in this scope
    not big endian
        ^
configure:5021: $? = 1
configure: failed program was:
| /* confdefs.h */
| #define PACKAGE_NAME "CVD"
| #define PACKAGE_TARNAME "cvd"
| #define PACKAGE_VERSION "0.8"
| #define PACKAGE_STRING "CVD 0.8"
| #define PACKAGE_BUGREPORT ""
| #define PACKAGE_URL ""
| #define STDC_HEADERS 1
| #define CVD_MAJOR_VERSION 0
| #define CVD_MINOR_VERSION 8
| #define HAVE_SYS_TYPES_H 1
| #define HAVE_SYS_STAT_H 1
| #define HAVE_STDLIB_H 1
| #define HAVE_STRING_H 1
| #define HAVE_MEMORY_H 1
| #define HAVE_STRINGS_H 1
| #define HAVE_INTTYPES_H 1
| #define HAVE_STDINT_H 1
| #define HAVE_UNISTD_H 1
| /* end confdefs.h.  */
| #include <sys/types.h>
| 		#include <sys/param.h>
| 
| int
| main ()
| {
| #if BYTE_ORDER != BIG_ENDIAN
| 		 not big endian
| 		#endif
| 
|   ;
|   return 0;
| }
configure:5149: result: no
configure:5242: checking for MMX support
configure:5265: g++ -o conftest -g  -Wall -Wextra -pipe -ggdb -fPIC -mmmx  -INONE/include  conftest.cpp  >&5
configure:5265: $? = 0
configure:5265: ./conftest
configure:5265: $? = 0
configure:5280: result: yes
configure:5317: checking for MMXEXT support
configure:5339: g++ -o conftest -g  -Wall -Wextra -pipe -ggdb -fPIC -mmmx -msse  -INONE/include  conftest.cpp  >&5
configure:5339: $? = 0
configure:5339: ./conftest
configure:5339: $? = 0
configure:5354: result: yes
configure:5391: checking for SSE support
configure:5414: g++ -o conftest -g  -Wall -Wextra -pipe -ggdb -fPIC -mmmx -msse -msse  -INONE/include  conftest.cpp  >&5
configure:5414: $? = 0
configure:5414: ./conftest
configure:5414: $? = 0
configure:5429: result: yes
configure:5466: checking for SSE2 support
configure:5489: g++ -o conftest -g  -Wall -Wextra -pipe -ggdb -fPIC -mmmx -msse -msse -msse2  -INONE/include  conftest.cpp  >&5
configure:5489: $? = 0
configure:5489: ./conftest
configure:5489: $? = 0
configure:5504: result: yes
configure:5541: checking for SSE3 support
configure:5564: g++ -o conftest -g  -Wall -Wextra -pipe -ggdb -fPIC -mmmx -msse -msse -msse2 -msse3  -INONE/include  conftest.cpp  >&5
configure:5564: $? = 0
configure:5564: ./conftest
configure:5564: $? = 0
configure:5579: result: yes
configure:5608: checking size of void*
configure:5613: g++ -o conftest -g  -Wall -Wextra -pipe -ggdb -fPIC -mmmx -msse -msse -msse2 -msse3  -INONE/include  conftest.cpp  >&5
configure:5613: $? = 0
configure:5613: ./conftest
configure:5613: $? = 0
configure:5627: result: 8
configure:5657: checking for inline asm statement
configure:5663: g++ -c -g  -Wall -Wextra -pipe -ggdb -fPIC -mmmx -msse -msse -msse2 -msse3  -INONE/include conftest.cpp >&5
configure:5663: $? = 0
configure:5664: result: yes
configure:5706: checking assembler supports .type pseudo-op
configure:5710: result: yes
configure:5869: checking dc1394/dc1394.h usability
configure:5869: g++ -c -g  -Wall -Wextra -pipe -ggdb -fPIC -mmmx -msse -msse -msse2 -msse3  -INONE/include conftest.cpp >&5
configure:5869: $? = 0
configure:5869: result: yes
configure:5869: checking dc1394/dc1394.h presence
configure:5869: g++ -E  -INONE/include conftest.cpp
configure:5869: $? = 0
configure:5869: result: yes
configure:5869: checking for dc1394/dc1394.h
configure:5869: result: yes
configure:5881: checking for main in -ldc1394
configure:5900: g++ -o conftest -g  -Wall -Wextra -pipe -ggdb -fPIC -mmmx -msse -msse -msse2 -msse3  -INONE/include  conftest.cpp -ldc1394   >&5
configure:5900: $? = 0
configure:5909: result: yes
configure:6096: checking for v4l2
configure:6105: g++ -c -g  -Wall -Wextra -pipe -ggdb -fPIC -mmmx -msse -msse -msse2 -msse3  -INONE/include conftest.cpp >&5
conftest.cpp: In function 'int main()':
conftest.cpp:36:37: warning: statement has no effect [-Wunused-value]
         int main(){V4L2_PIX_FMT_GREY;return 0;}
                                     ^
configure:6105: $? = 0
configure:6106: result: yes
configure:6181: checking linux/videodev.h usability
configure:6181: g++ -c -g  -Wall -Wextra -pipe -ggdb -fPIC -mmmx -msse -msse -msse2 -msse3  -INONE/include conftest.cpp >&5
conftest.cpp:67:28: fatal error: linux/videodev.h: No such file or directory
compilation terminated.
configure:6181: $? = 1
configure: failed program was:
| /* confdefs.h */
| #define PACKAGE_NAME "CVD"
| #define PACKAGE_TARNAME "cvd"
| #define PACKAGE_VERSION "0.8"
| #define PACKAGE_STRING "CVD 0.8"
| #define PACKAGE_BUGREPORT ""
| #define PACKAGE_URL ""
| #define STDC_HEADERS 1
| #define CVD_MAJOR_VERSION 0
| #define CVD_MINOR_VERSION 8
| #define HAVE_SYS_TYPES_H 1
| #define HAVE_SYS_STAT_H 1
| #define HAVE_STDLIB_H 1
| #define HAVE_STRING_H 1
| #define HAVE_MEMORY_H 1
| #define HAVE_STRINGS_H 1
| #define HAVE_INTTYPES_H 1
| #define HAVE_STDINT_H 1
| #define HAVE_UNISTD_H 1
| #define CVD_ARCH_LITTLE_ENDIAN 1
| #define CVD_HAVE_MMX 1
| #define CVD_HAVE_MMXEXT 1
| #define CVD_HAVE_SSE 1
| #define CVD_HAVE_SSE2 1
| #define CVD_HAVE_SSE3 1
| #define SIZEOF_VOIDP 8
| #define CVD_HAVE_INLINE_ASM 1
| #define CVD_HAVE_ASSEMBLER 1
| #define HAVE_DC1394_DC1394_H 1
| #define HAVE_LIBDC1394 1
| #define CVD_HAVE_DC1394V2 1
| #define CVD_HAVE_V4L2BUFFER 1
| /* end confdefs.h.  */
| #include <stdio.h>
| #ifdef HAVE_SYS_TYPES_H
| # include <sys/types.h>
| #endif
| #ifdef HAVE_SYS_STAT_H
| # include <sys/stat.h>
| #endif
| #ifdef STDC_HEADERS
| # include <stdlib.h>
| # include <stddef.h>
| #else
| # ifdef HAVE_STDLIB_H
| #  include <stdlib.h>
| # endif
| #endif
| #ifdef HAVE_STRING_H
| # if !defined STDC_HEADERS && defined HAVE_MEMORY_H
| #  include <memory.h>
| # endif
| # include <string.h>
| #endif
| #ifdef HAVE_STRINGS_H
| # include <strings.h>
| #endif
| #ifdef HAVE_INTTYPES_H
| # include <inttypes.h>
| #endif
| #ifdef HAVE_STDINT_H
| # include <stdint.h>
| #endif
| #ifdef HAVE_UNISTD_H
| # include <unistd.h>
| #endif
| #include <linux/videodev.h>
configure:6181: result: no
configure:6181: checking linux/videodev.h presence
configure:6181: g++ -E  -INONE/include conftest.cpp
conftest.cpp:34:28: fatal error: linux/videodev.h: No such file or directory
compilation terminated.
configure:6181: $? = 1
configure: failed program was:
| /* confdefs.h */
| #define PACKAGE_NAME "CVD"
| #define PACKAGE_TARNAME "cvd"
| #define PACKAGE_VERSION "0.8"
| #define PACKAGE_STRING "CVD 0.8"
| #define PACKAGE_BUGREPORT ""
| #define PACKAGE_URL ""
| #define STDC_HEADERS 1
| #define CVD_MAJOR_VERSION 0
| #define CVD_MINOR_VERSION 8
| #define HAVE_SYS_TYPES_H 1
| #define HAVE_SYS_STAT_H 1
| #define HAVE_STDLIB_H 1
| #define HAVE_STRING_H 1
| #define HAVE_MEMORY_H 1
| #define HAVE_STRINGS_H 1
| #define HAVE_INTTYPES_H 1
| #define HAVE_STDINT_H 1
| #define HAVE_UNISTD_H 1
| #define CVD_ARCH_LITTLE_ENDIAN 1
| #define CVD_HAVE_MMX 1
| #define CVD_HAVE_MMXEXT 1
| #define CVD_HAVE_SSE 1
| #define CVD_HAVE_SSE2 1
| #define CVD_HAVE_SSE3 1
| #define SIZEOF_VOIDP 8
| #define CVD_HAVE_INLINE_ASM 1
| #define CVD_HAVE_ASSEMBLER 1
| #define HAVE_DC1394_DC1394_H 1
| #define HAVE_LIBDC1394 1
| #define CVD_HAVE_DC1394V2 1
| #define CVD_HAVE_V4L2BUFFER 1
| /* end confdefs.h.  */
| #include <linux/videodev.h>
configure:6181: result: no
configure:6181: checking for linux/videodev.h
configure:6181: result: no
configure:6354: checking for clock_getres in -lrt
configure:6379: g++ -o conftest -g  -Wall -Wextra -pipe -ggdb -fPIC -mmmx -msse -msse -msse2 -msse3  -INONE/include  conftest.cpp -lrt  -ldc1394  >&5
configure:6379: $? = 0
configure:6388: result: yes
configure:6446: checking for working pthreads
configure:6462: g++ -o conftest -g  -Wall -Wextra -pipe -ggdb -fPIC -mmmx -msse -msse -msse2 -msse3 -pthread  -INONE/include  conftest.cpp -lrt -ldc1394  -pthread >&5
conftest.cpp: In function 'void* foo(void*)':
conftest.cpp:37:23: warning: no return statement in function returning non-void [-Wreturn-type]
       void*foo(void*){}
                       ^
configure:6462: $? = 0
configure:6462: ./conftest
configure:6462: $? = 0
configure:6463: result: yes
configure:6486: checking for sched_yield
configure:6486: g++ -o conftest -g  -Wall -Wextra -pipe -ggdb -fPIC -mmmx -msse -msse -msse2 -msse3 -pthread  -INONE/include  conftest.cpp -lrt -ldc1394  -pthread >&5
configure:6486: $? = 0
configure:6486: result: yes
configure:6653: checking for X
configure:6761: g++ -E  -INONE/include conftest.cpp
configure:6761: $? = 0
configure:6792: g++ -o conftest -g  -Wall -Wextra -pipe -ggdb -fPIC -mmmx -msse -msse -msse2 -msse3 -pthread  -INONE/include  conftest.cpp -lX11 -lX11 -lrt -ldc1394  -pthread >&5
configure:6792: $? = 0
configure:6842: result: libraries , headers 
configure:6852: checking for glDrawPixels in -lGL
configure:6877: g++ -o conftest -g  -Wall -Wextra -pipe -ggdb -fPIC -mmmx -msse -msse -msse2 -msse3 -pthread  -INONE/include  conftest.cpp -lGL  -lrt -ldc1394  -pthread -L -lX11 -lX11 -lXext >&5
configure:6877: $? = 0
configure:6886: result: yes
configure:6901: checking GL/glu.h usability
configure:6901: g++ -c -g  -Wall -Wextra -pipe -ggdb -fPIC -mmmx -msse -msse -msse2 -msse3 -pthread  -INONE/include conftest.cpp >&5
configure:6901: $? = 0
configure:6901: result: yes
configure:6901: checking GL/glu.h presence
configure:6901: g++ -E  -INONE/include conftest.cpp
configure:6901: $? = 0
configure:6901: result: yes
configure:6901: checking for GL/glu.h
configure:6901: result: yes
configure:6913: checking for gluGetString in -lGLU
configure:6938: g++ -o conftest -g  -Wall -Wextra -pipe -ggdb -fPIC -mmmx -msse -msse -msse2 -msse3 -pthread  -INONE/include  conftest.cpp -lGLU  -lGL -lrt -ldc1394  -pthread -L -lX11 -lX11 -lXext >&5
configure:6938: $? = 0
configure:6947: result: yes
configure:6997: checking for shared_ptr
configure:7004: g++ -c -g  -Wall -Wextra -pipe -ggdb -fPIC -mmmx -msse -msse -msse2 -msse3 -pthread  -INONE/include conftest.cpp >&5
conftest.cpp: In function 'int main()':
conftest.cpp:42:13: error: 'shared_ptr' is not a member of 'std'
  int main(){std::shared_ptr<int> i; return  0;}
             ^
conftest.cpp:42:29: error: expected primary-expression before 'int'
  int main(){std::shared_ptr<int> i; return  0;}
                             ^
configure:7004: $? = 1
configure: failed program was:
| /* confdefs.h */
| #define PACKAGE_NAME "CVD"
| #define PACKAGE_TARNAME "cvd"
| #define PACKAGE_VERSION "0.8"
| #define PACKAGE_STRING "CVD 0.8"
| #define PACKAGE_BUGREPORT ""
| #define PACKAGE_URL ""
| #define STDC_HEADERS 1
| #define CVD_MAJOR_VERSION 0
| #define CVD_MINOR_VERSION 8
| #define HAVE_SYS_TYPES_H 1
| #define HAVE_SYS_STAT_H 1
| #define HAVE_STDLIB_H 1
| #define HAVE_STRING_H 1
| #define HAVE_MEMORY_H 1
| #define HAVE_STRINGS_H 1
| #define HAVE_INTTYPES_H 1
| #define HAVE_STDINT_H 1
| #define HAVE_UNISTD_H 1
| #define CVD_ARCH_LITTLE_ENDIAN 1
| #define CVD_HAVE_MMX 1
| #define CVD_HAVE_MMXEXT 1
| #define CVD_HAVE_SSE 1
| #define CVD_HAVE_SSE2 1
| #define CVD_HAVE_SSE3 1
| #define SIZEOF_VOIDP 8
| #define CVD_HAVE_INLINE_ASM 1
| #define CVD_HAVE_ASSEMBLER 1
| #define HAVE_DC1394_DC1394_H 1
| #define HAVE_LIBDC1394 1
| #define CVD_HAVE_DC1394V2 1
| #define CVD_HAVE_V4L2BUFFER 1
| #define HAVE_LIBRT 1
| #define CVD_HAVE_POSIX_RT 1
| #define CVD_HAVE_PTHREAD 1
| #define HAVE_LIBGL 1
| #define HAVE_GL_GLU_H 1
| #define HAVE_LIBGLU 1
| #define CVD_HAVE_VIDEODISPLAY 1
| /* end confdefs.h.  */
| #include <memory>
| 	int main(){std::shared_ptr<int> i; return  0;}
configure:7008: result: no
configure:7016: checking for tr1::shared_ptr
configure:7023: g++ -c -g  -Wall -Wextra -pipe -ggdb -fPIC -mmmx -msse -msse -msse2 -msse3 -pthread  -INONE/include conftest.cpp >&5
configure:7023: $? = 0
configure:7024: result: yes
configure:7071: checking for TooN
configure:7078: g++ -c -g  -Wall -Wextra -pipe -ggdb -fPIC -mmmx -msse -msse -msse2 -msse3 -pthread  -INONE/include conftest.cpp >&5
conftest.cpp:42:23: fatal error: TooN/TooN.h: No such file or directory
compilation terminated.
configure:7078: $? = 1
configure: failed program was:
| /* confdefs.h */
| #define PACKAGE_NAME "CVD"
| #define PACKAGE_TARNAME "cvd"
| #define PACKAGE_VERSION "0.8"
| #define PACKAGE_STRING "CVD 0.8"
| #define PACKAGE_BUGREPORT ""
| #define PACKAGE_URL ""
| #define STDC_HEADERS 1
| #define CVD_MAJOR_VERSION 0
| #define CVD_MINOR_VERSION 8
| #define HAVE_SYS_TYPES_H 1
| #define HAVE_SYS_STAT_H 1
| #define HAVE_STDLIB_H 1
| #define HAVE_STRING_H 1
| #define HAVE_MEMORY_H 1
| #define HAVE_STRINGS_H 1
| #define HAVE_INTTYPES_H 1
| #define HAVE_STDINT_H 1
| #define HAVE_UNISTD_H 1
| #define CVD_ARCH_LITTLE_ENDIAN 1
| #define CVD_HAVE_MMX 1
| #define CVD_HAVE_MMXEXT 1
| #define CVD_HAVE_SSE 1
| #define CVD_HAVE_SSE2 1
| #define CVD_HAVE_SSE3 1
| #define SIZEOF_VOIDP 8
| #define CVD_HAVE_INLINE_ASM 1
| #define CVD_HAVE_ASSEMBLER 1
| #define HAVE_DC1394_DC1394_H 1
| #define HAVE_LIBDC1394 1
| #define CVD_HAVE_DC1394V2 1
| #define CVD_HAVE_V4L2BUFFER 1
| #define HAVE_LIBRT 1
| #define CVD_HAVE_POSIX_RT 1
| #define CVD_HAVE_PTHREAD 1
| #define HAVE_LIBGL 1
| #define HAVE_GL_GLU_H 1
| #define HAVE_LIBGLU 1
| #define CVD_HAVE_VIDEODISPLAY 1
| #define CVD_INTERNAL_NEED_TR1 1
| /* end confdefs.h.  */
| #include <TooN/TooN.h>
| 	int main(){TooN::Vector<2, double> v=TooN::Zeros;return 0;}
configure:7082: result: no
configure:7089: checking for old TooN
configure:7096: g++ -c -g  -Wall -Wextra -pipe -ggdb -fPIC -mmmx -msse -msse -msse2 -msse3 -pthread  -INONE/include conftest.cpp >&5
conftest.cpp:42:23: fatal error: TooN/TooN.h: No such file or directory
compilation terminated.
configure:7096: $? = 1
configure: failed program was:
| /* confdefs.h */
| #define PACKAGE_NAME "CVD"
| #define PACKAGE_TARNAME "cvd"
| #define PACKAGE_VERSION "0.8"
| #define PACKAGE_STRING "CVD 0.8"
| #define PACKAGE_BUGREPORT ""
| #define PACKAGE_URL ""
| #define STDC_HEADERS 1
| #define CVD_MAJOR_VERSION 0
| #define CVD_MINOR_VERSION 8
| #define HAVE_SYS_TYPES_H 1
| #define HAVE_SYS_STAT_H 1
| #define HAVE_STDLIB_H 1
| #define HAVE_STRING_H 1
| #define HAVE_MEMORY_H 1
| #define HAVE_STRINGS_H 1
| #define HAVE_INTTYPES_H 1
| #define HAVE_STDINT_H 1
| #define HAVE_UNISTD_H 1
| #define CVD_ARCH_LITTLE_ENDIAN 1
| #define CVD_HAVE_MMX 1
| #define CVD_HAVE_MMXEXT 1
| #define CVD_HAVE_SSE 1
| #define CVD_HAVE_SSE2 1
| #define CVD_HAVE_SSE3 1
| #define SIZEOF_VOIDP 8
| #define CVD_HAVE_INLINE_ASM 1
| #define CVD_HAVE_ASSEMBLER 1
| #define HAVE_DC1394_DC1394_H 1
| #define HAVE_LIBDC1394 1
| #define CVD_HAVE_DC1394V2 1
| #define CVD_HAVE_V4L2BUFFER 1
| #define HAVE_LIBRT 1
| #define CVD_HAVE_POSIX_RT 1
| #define CVD_HAVE_PTHREAD 1
| #define HAVE_LIBGL 1
| #define HAVE_GL_GLU_H 1
| #define HAVE_LIBGLU 1
| #define CVD_HAVE_VIDEODISPLAY 1
| #define CVD_INTERNAL_NEED_TR1 1
| /* end confdefs.h.  */
| #include <TooN/TooN.h>
| 		int main(){TooN::Vector<2> v;return 0;}
configure:7100: result: no
configure:7157: checking for dgesvd_ in -lacml
configure:7182: g++ -o conftest -g  -Wall -Wextra -pipe -ggdb -fPIC -mmmx -msse -msse -msse2 -msse3 -pthread  -INONE/include  conftest.cpp -lacml  -lGLU -lGL -lrt -ldc1394  -pthread -L -lX11 -lX11 -lXext -L/opt/acml/gnu64/lib -lacml_mv >&5
/usr/bin/ld: cannot find -lacml
/usr/bin/ld: cannot find -lacml_mv
collect2: error: ld returned 1 exit status
configure:7182: $? = 1
configure: failed program was:
| /* confdefs.h */
| #define PACKAGE_NAME "CVD"
| #define PACKAGE_TARNAME "cvd"
| #define PACKAGE_VERSION "0.8"
| #define PACKAGE_STRING "CVD 0.8"
| #define PACKAGE_BUGREPORT ""
| #define PACKAGE_URL ""
| #define STDC_HEADERS 1
| #define CVD_MAJOR_VERSION 0
| #define CVD_MINOR_VERSION 8
| #define HAVE_SYS_TYPES_H 1
| #define HAVE_SYS_STAT_H 1
| #define HAVE_STDLIB_H 1
| #define HAVE_STRING_H 1
| #define HAVE_MEMORY_H 1
| #define HAVE_STRINGS_H 1
| #define HAVE_INTTYPES_H 1
| #define HAVE_STDINT_H 1
| #define HAVE_UNISTD_H 1
| #define CVD_ARCH_LITTLE_ENDIAN 1
| #define CVD_HAVE_MMX 1
| #define CVD_HAVE_MMXEXT 1
| #define CVD_HAVE_SSE 1
| #define CVD_HAVE_SSE2 1
| #define CVD_HAVE_SSE3 1
| #define SIZEOF_VOIDP 8
| #define CVD_HAVE_INLINE_ASM 1
| #define CVD_HAVE_ASSEMBLER 1
| #define HAVE_DC1394_DC1394_H 1
| #define HAVE_LIBDC1394 1
| #define CVD_HAVE_DC1394V2 1
| #define CVD_HAVE_V4L2BUFFER 1
| #define HAVE_LIBRT 1
| #define CVD_HAVE_POSIX_RT 1
| #define CVD_HAVE_PTHREAD 1
| #define HAVE_LIBGL 1
| #define HAVE_GL_GLU_H 1
| #define HAVE_LIBGLU 1
| #define CVD_HAVE_VIDEODISPLAY 1
| #define CVD_INTERNAL_NEED_TR1 1
| /* end confdefs.h.  */
| 
| /* Override any GCC internal prototype to avoid an error.
|    Use char because int might match the return type of a GCC
|    builtin and then its argument prototype would still apply.  */
| #ifdef __cplusplus
| extern "C"
| #endif
| char dgesvd_ ();
| int
| main ()
| {
| return dgesvd_ ();
|   ;
|   return 0;
| }
configure:7191: result: no
configure:7242: checking if Accelerate framework is needed for LAPACK
configure:7244: result: 
configure:7247: checking for dgesvd_
configure:7247: g++ -o conftest -g  -Wall -Wextra -pipe -ggdb -fPIC -mmmx -msse -msse -msse2 -msse3 -pthread  -INONE/include  conftest.cpp -lGLU -lGL -lrt -ldc1394  -pthread -L -lX11 -lX11 -lXext -framework Accelerate >&5
g++: error: Accelerate: No such file or directory
g++: error: unrecognized command line option '-framework'
configure:7247: $? = 1
configure: failed program was:
| /* confdefs.h */
| #define PACKAGE_NAME "CVD"
| #define PACKAGE_TARNAME "cvd"
| #define PACKAGE_VERSION "0.8"
| #define PACKAGE_STRING "CVD 0.8"
| #define PACKAGE_BUGREPORT ""
| #define PACKAGE_URL ""
| #define STDC_HEADERS 1
| #define CVD_MAJOR_VERSION 0
| #define CVD_MINOR_VERSION 8
| #define HAVE_SYS_TYPES_H 1
| #define HAVE_SYS_STAT_H 1
| #define HAVE_STDLIB_H 1
| #define HAVE_STRING_H 1
| #define HAVE_MEMORY_H 1
| #define HAVE_STRINGS_H 1
| #define HAVE_INTTYPES_H 1
| #define HAVE_STDINT_H 1
| #define HAVE_UNISTD_H 1
| #define CVD_ARCH_LITTLE_ENDIAN 1
| #define CVD_HAVE_MMX 1
| #define CVD_HAVE_MMXEXT 1
| #define CVD_HAVE_SSE 1
| #define CVD_HAVE_SSE2 1
| #define CVD_HAVE_SSE3 1
| #define SIZEOF_VOIDP 8
| #define CVD_HAVE_INLINE_ASM 1
| #define CVD_HAVE_ASSEMBLER 1
| #define HAVE_DC1394_DC1394_H 1
| #define HAVE_LIBDC1394 1
| #define CVD_HAVE_DC1394V2 1
| #define CVD_HAVE_V4L2BUFFER 1
| #define HAVE_LIBRT 1
| #define CVD_HAVE_POSIX_RT 1
| #define CVD_HAVE_PTHREAD 1
| #define HAVE_LIBGL 1
| #define HAVE_GL_GLU_H 1
| #define HAVE_LIBGLU 1
| #define CVD_HAVE_VIDEODISPLAY 1
| #define CVD_INTERNAL_NEED_TR1 1
| /* end confdefs.h.  */
| /* Define dgesvd_ to an innocuous variant, in case <limits.h> declares dgesvd_.
|    For example, HP-UX 11i <limits.h> declares gettimeofday.  */
| #define dgesvd_ innocuous_dgesvd_
| 
| /* System header to define __stub macros and hopefully few prototypes,
|     which can conflict with char dgesvd_ (); below.
|     Prefer <limits.h> to <assert.h> if __STDC__ is defined, since
|     <limits.h> exists even on freestanding compilers.  */
| 
| #ifdef __STDC__
| # include <limits.h>
| #else
| # include <assert.h>
| #endif
| 
| #undef dgesvd_
| 
| /* Override any GCC internal prototype to avoid an error.
|    Use char because int might match the return type of a GCC
|    builtin and then its argument prototype would still apply.  */
| #ifdef __cplusplus
| extern "C"
| #endif
| char dgesvd_ ();
| /* The GNU C library defines this for functions which it implements
|     to always fail with ENOSYS.  Some functions are actually named
|     something starting with __ and the normal name is an alias.  */
| #if defined __stub_dgesvd_ || defined __stub___dgesvd_
| choke me
| #endif
| 
| int
| main ()
| {
| return dgesvd_ ();
|   ;
|   return 0;
| }
configure:7247: result: no
configure:7291: checking for dgesvd_ in -llapack
configure:7316: g++ -o conftest -g  -Wall -Wextra -pipe -ggdb -fPIC -mmmx -msse -msse -msse2 -msse3 -pthread  -INONE/include  conftest.cpp -llapack  -lGLU -lGL -lrt -ldc1394  -pthread -L -lX11 -lX11 -lXext >&5
configure:7316: $? = 0
configure:7325: result: yes
configure:7726: checking png.h usability
configure:7726: g++ -c -g  -Wall -Wextra -pipe -ggdb -fPIC -mmmx -msse -msse -msse2 -msse3 -pthread  -INONE/include conftest.cpp >&5
configure:7726: $? = 0
configure:7726: result: yes
configure:7726: checking png.h presence
configure:7726: g++ -E  -INONE/include conftest.cpp
configure:7726: $? = 0
configure:7726: result: yes
configure:7726: checking for png.h
configure:7726: result: yes
configure:7738: checking for png_init_io in -lpng
configure:7763: g++ -o conftest -g  -Wall -Wextra -pipe -ggdb -fPIC -mmmx -msse -msse -msse2 -msse3 -pthread  -INONE/include  conftest.cpp -lpng  -llapack -lGLU -lGL -lrt -ldc1394  -pthread -L -lX11 -lX11 -lXext >&5
configure:7763: $? = 0
configure:7772: result: yes
configure:7786: checking for png_set_expand_gray_1_2_4_to_8 in -lpng
configure:7811: g++ -o conftest -g  -Wall -Wextra -pipe -ggdb -fPIC -mmmx -msse -msse -msse2 -msse3 -pthread  -INONE/include  conftest.cpp -lpng  -lpng -llapack -lGLU -lGL -lrt -ldc1394  -pthread -L -lX11 -lX11 -lXext >&5
configure:7811: $? = 0
configure:7820: result: yes
configure:7876: checking jpeglib.h usability
configure:7876: g++ -c -g  -Wall -Wextra -pipe -ggdb -fPIC -mmmx -msse -msse -msse2 -msse3 -pthread  -INONE/include conftest.cpp >&5
configure:7876: $? = 0
configure:7876: result: yes
configure:7876: checking jpeglib.h presence
configure:7876: g++ -E  -INONE/include conftest.cpp
configure:7876: $? = 0
configure:7876: result: yes
configure:7876: checking for jpeglib.h
configure:7876: result: yes
configure:7888: checking for jpeg_destroy_decompress in -ljpeg
configure:7913: g++ -o conftest -g  -Wall -Wextra -pipe -ggdb -fPIC -mmmx -msse -msse -msse2 -msse3 -pthread  -INONE/include  conftest.cpp -ljpeg  -lpng -lpng -llapack -lGLU -lGL -lrt -ldc1394  -pthread -L -lX11 -lX11 -lXext >&5
configure:7913: $? = 0
configure:7922: result: yes
configure:7946: checking JPEG read buffer size
configure:7958: result: 1 (safe reading)
configure:7994: checking tiffio.h usability
configure:7994: g++ -c -g  -Wall -Wextra -pipe -ggdb -fPIC -mmmx -msse -msse -msse2 -msse3 -pthread  -INONE/include conftest.cpp >&5
configure:7994: $? = 0
configure:7994: result: yes
configure:7994: checking tiffio.h presence
configure:7994: g++ -E  -INONE/include conftest.cpp
configure:7994: $? = 0
configure:7994: result: yes
configure:7994: checking for tiffio.h
configure:7994: result: yes
configure:8006: checking for TIFFReadRGBAImage in -ltiff
configure:8031: g++ -o conftest -g  -Wall -Wextra -pipe -ggdb -fPIC -mmmx -msse -msse -msse2 -msse3 -pthread  -INONE/include  conftest.cpp -ltiff  -ljpeg -lpng -lpng -llapack -lGLU -lGL -lrt -ldc1394  -pthread -L -lX11 -lX11 -lXext >&5
configure:8031: $? = 0
configure:8040: result: yes
configure:8233: checking for TIFFReadRGBAImageOriented in -ltiff
configure:8258: g++ -o conftest -g  -Wall -Wextra -pipe -ggdb -fPIC -mmmx -msse -msse -msse2 -msse3 -pthread  -INONE/include  conftest.cpp -ltiff  -ltiff -ljpeg -lpng -lpng -llapack -lGLU -lGL -lrt -ldc1394  -pthread -L -lX11 -lX11 -lXext >&5
configure:8258: $? = 0
configure:8267: result: yes
configure:8605: WARNING: FFMPEG currently requires the use of --enable-gpl
configure:8633: checking for doxygen
configure:8661: result: no
configure:8707: checking glob.h usability
configure:8707: g++ -c -g  -Wall -Wextra -pipe -ggdb -fPIC -mmmx -msse -msse -msse2 -msse3 -pthread  -INONE/include conftest.cpp >&5
configure:8707: $? = 0
configure:8707: result: yes
configure:8707: checking glob.h presence
configure:8707: g++ -E  -INONE/include conftest.cpp
configure:8707: $? = 0
configure:8707: result: yes
configure:8707: checking for glob.h
configure:8707: result: yes
configure:8719: checking for glob
configure:8719: g++ -o conftest -g  -Wall -Wextra -pipe -ggdb -fPIC -mmmx -msse -msse -msse2 -msse3 -pthread  -INONE/include  conftest.cpp -ltiff -ljpeg -lpng -lpng -llapack -lGLU -lGL -lrt -ldc1394  -pthread -L -lX11 -lX11 -lXext >&5
configure:8719: $? = 0
configure:8719: result: yes
configure:8736: checking for GLOB_BRACE and GLOB_TILDE in glob.h
configure:8743: g++ -c -g  -Wall -Wextra -pipe -ggdb -fPIC -mmmx -msse -msse -msse2 -msse3 -pthread  -INONE/include conftest.cpp >&5
configure:8743: $? = 0
configure:8744: result: yes
configure:8774: checking whether feenableexcept is declared
configure:8774: g++ -c -g  -Wall -Wextra -pipe -ggdb -fPIC -mmmx -msse -msse -msse2 -msse3 -pthread  -INONE/include conftest.cpp >&5
configure:8774: $? = 0
configure:8774: result: yes
configure:8802: checking for posix_memalign
configure:8802: g++ -o conftest -g  -Wall -Wextra -pipe -ggdb -fPIC -mmmx -msse -msse -msse2 -msse3 -pthread  -INONE/include  conftest.cpp -ltiff -ljpeg -lpng -lpng -llapack -lGLU -lGL -lrt -ldc1394  -pthread -L -lX11 -lX11 -lXext >&5
configure:8802: $? = 0
configure:8802: result: yes
configure:9289: creating ./config.status

## ---------------------- ##
## Running config.status. ##
## ---------------------- ##

This file was extended by CVD config.status 0.8, which was
generated by GNU Autoconf 2.68.  Invocation command line was

  CONFIG_FILES    = 
  CONFIG_HEADERS  = 
  CONFIG_LINKS    = 
  CONFIG_COMMANDS = 
  $ ./config.status 

on ground

config.status:933: creating Makefile

## ---------------- ##
## Cache variables. ##
## ---------------- ##

ac_cv_build=x86_64-unknown-linux-gnu
ac_cv_c_bigendian=no
ac_cv_c_compiler_gnu=yes
ac_cv_cxx_compiler_gnu=yes
ac_cv_env_CCC_set=
ac_cv_env_CCC_value=
ac_cv_env_CC_set=
ac_cv_env_CC_value=
ac_cv_env_CFLAGS_set=
ac_cv_env_CFLAGS_value=
ac_cv_env_CPPFLAGS_set=
ac_cv_env_CPPFLAGS_value=
ac_cv_env_CPP_set=
ac_cv_env_CPP_value=
ac_cv_env_CXXCPP_set=
ac_cv_env_CXXCPP_value=
ac_cv_env_CXXFLAGS_set=
ac_cv_env_CXXFLAGS_value=
ac_cv_env_CXX_set=
ac_cv_env_CXX_value=
ac_cv_env_LDFLAGS_set=
ac_cv_env_LDFLAGS_value=
ac_cv_env_LIBS_set=
ac_cv_env_LIBS_value=
ac_cv_env_XMKMF_set=
ac_cv_env_XMKMF_value=
ac_cv_env_build_alias_set=
ac_cv_env_build_alias_value=
ac_cv_env_host_alias_set=
ac_cv_env_host_alias_value=
ac_cv_env_target_alias_set=
ac_cv_env_target_alias_value=
ac_cv_func_dgesvd_=no
ac_cv_func_glob=yes
ac_cv_func_posix_memalign=yes
ac_cv_func_sched_yield=yes
ac_cv_have_decl_feenableexcept=yes
ac_cv_have_x='have_x=yes	ac_x_includes='\'''\''	ac_x_libraries='\'''\'''
ac_cv_header_GL_glu_h=yes
ac_cv_header_dc1394_dc1394_h=yes
ac_cv_header_glob_h=yes
ac_cv_header_inttypes_h=yes
ac_cv_header_jpeglib_h=yes
ac_cv_header_linux_videodev_h=no
ac_cv_header_memory_h=yes
ac_cv_header_png_h=yes
ac_cv_header_stdc=yes
ac_cv_header_stdint_h=yes
ac_cv_header_stdlib_h=yes
ac_cv_header_string_h=yes
ac_cv_header_strings_h=yes
ac_cv_header_sys_stat_h=yes
ac_cv_header_sys_types_h=yes
ac_cv_header_tiffio_h=yes
ac_cv_header_unistd_h=yes
ac_cv_host=x86_64-unknown-linux-gnu
ac_cv_lib_GLU_gluGetString=yes
ac_cv_lib_GL_glDrawPixels=yes
ac_cv_lib_acml_dgesvd_=no
ac_cv_lib_dc1394_main=yes
ac_cv_lib_jpeg_jpeg_destroy_decompress=yes
ac_cv_lib_lapack_dgesvd_=yes
ac_cv_lib_png_png_init_io=yes
ac_cv_lib_png_png_set_expand_gray_1_2_4_to_8=yes
ac_cv_lib_rt_clock_getres=yes
ac_cv_lib_tiff_TIFFReadRGBAImage=yes
ac_cv_lib_tiff_TIFFReadRGBAImageOriented=yes
ac_cv_objext=o
ac_cv_path_EGREP='/bin/grep -E'
ac_cv_path_GREP=/bin/grep
ac_cv_path_install='/usr/bin/install -c'
ac_cv_prog_AWK=mawk
ac_cv_prog_CPP='gcc -E'
ac_cv_prog_CXXCPP='g++ -E'
ac_cv_prog_ac_ct_CC=gcc
ac_cv_prog_ac_ct_CXX=g++
ac_cv_prog_ac_ct_RANLIB=ranlib
ac_cv_prog_cc_c89=
ac_cv_prog_cc_g=yes
ac_cv_prog_cxx_g=yes
ac_cv_prog_docs=no
ac_cv_sizeof_voidp=8

## ----------------- ##
## Output variables. ##
## ----------------- ##

AWK='mawk'
CC='gcc'
CFLAGS='-g -O2'
CPP='gcc -E'
CPPFLAGS=' -INONE/include'
CXX='g++'
CXXCPP='g++ -E'
CXXFLAGS='-g  -Wall -Wextra -pipe -ggdb -fPIC -mmmx -msse -msse -msse2 -msse3 -pthread'
DEFS='-DHAVE_CONFIG_H'
ECHO_C=''
ECHO_N='-n'
ECHO_T=''
EGREP='/bin/grep -E'
EXEEXT=''
GREP='/bin/grep'
INSTALL_DATA='${INSTALL} -m 644'
INSTALL_PROGRAM='${INSTALL}'
INSTALL_SCRIPT='${INSTALL}'
LDFLAGS=''
LIBOBJS=''
LIBS='-ltiff -ljpeg -lpng -lpng -llapack -lGLU -lGL -lrt -ldc1394  -pthread -L -lX11 -lX11 -lXext'
LN_S='ln -s'
LTLIBOBJS=''
OBJEXT='o'
OFLAGS=' -O3'
PACKAGE_BUGREPORT=''
PACKAGE_NAME='CVD'
PACKAGE_STRING='CVD 0.8'
PACKAGE_TARNAME='cvd'
PACKAGE_URL=''
PACKAGE_VERSION='0.8'
PATH_SEPARATOR=':'
RANLIB='ranlib'
SHELL='/bin/bash'
STLDEBUG='-D_GLIBCXX_DEBUG'
XMKMF=''
ac_ct_CC='gcc'
ac_ct_CXX='g++'
bindir='${exec_prefix}/bin'
build='x86_64-unknown-linux-gnu'
build_alias=''
build_cpu='x86_64'
build_os='linux-gnu'
build_vendor='unknown'
cygwin_hacks=''
datadir='${datarootdir}'
datarootdir='${prefix}/share'
debug_build='yes'
dep_objects='cvd_src/i686/yuv411_to_stuff_MMX_64.o cvd_src/SSE2/half_sample.o cvd_src/noarch/convert_rgb_to_y.o cvd_src/i686/convolve_gaussian.o cvd_src/i686/gradient.o cvd_src/noarch/yuv420p_to_rgb_runner.o cvd_src/noarch/yuv422_wrapper.o cvd_src/i686/median_3x3.o cvd_src/i686/utility_float.o cvd_src/i686/utility_byte_differences.o cvd_src/i686/utility_double_int.o cvd_src/SSE2/two_thirds_sample.o cvd_src/fast/fast_7_detect.o cvd_src/fast/fast_7_score.o cvd_src/slower_corner_7.o cvd_src/fast/fast_8_detect.o cvd_src/fast/fast_8_score.o cvd_src/slower_corner_8.o cvd_src/fast/fast_9_detect.o cvd_src/fast/fast_9_score.o cvd_src/fast_corner_9_nonmax.o cvd_src/fast/fast_10_detect.o cvd_src/fast/fast_10_score.o cvd_src/fast/fast_11_detect.o cvd_src/fast/fast_11_score.o cvd_src/slower_corner_11.o cvd_src/fast/fast_12_detect.o cvd_src/fast/fast_12_score.o cvd_src/SSE2/faster_corner_9.o cvd_src/SSE2/faster_corner_10.o cvd_src/SSE2/faster_corner_12.o cvd_src/Linux/dvbuffer3_dc1394v2.o cvd_src/videosource_dvbuffer.o cvd_src/Linux/videosource_nov4l1buffer.o cvd_src/Linux/v4lbuffer.o cvd_src/Linux/videosource_v4lbuffer.o cvd_src/Linux/v4l2buffer.o cvd_src/Linux/v4lcontrol.o cvd_src/OSX/videosource_noqtbuffer.o cvd_src/posix/get_time_of_day_ns.o cvd_src/synchronized.o cvd_src/eventobject.o cvd_src/thread.o cvd_src/posix/sched_yield.o cvd_src/noarch/posix_memalign.o cvd_src/videodisplay.o cvd_src/glwindow.o cvd_src/gltext.o cvd_src/image_io/jpeg.o cvd_src/image_io/tiff.o cvd_src/image_io/tiffwrite.o cvd_src/image_io/png.o cvd_src/videosource_novideofilebuffer.o cvd_src/globlist.o '
docdir='${datarootdir}/doc/${PACKAGE_TARNAME}'
docs='no'
dvidir='${docdir}'
exec_prefix='${prefix}'
have_32bit=''
have_assembler='yes'
have_dc1394v1=''
have_dc1394v2='yes'
have_fast10='yes'
have_fast11='yes'
have_fast12='yes'
have_fast7='yes'
have_fast8='yes'
have_fast9='yes'
have_ffmpeg=''
have_glob='yes'
have_inline_asm='yes'
have_jpeg='yes'
have_lapack='yes'
have_memalign='yes'
have_mmx='yes'
have_mmxext='yes'
have_oldffmpeg=''
have_png='yes'
have_posix_rt='yes'
have_pthread='yes'
have_pthread_yield=''
have_pthread_yield_np=''
have_qtbuffer=''
have_sched_yield='yes'
have_shared_ptr=''
have_sse2='yes'
have_sse3='yes'
have_sse='yes'
have_ssefast10='yes'
have_ssefast12='yes'
have_ssefast9='yes'
have_tiff='yes'
have_toon=''
have_v4l1buffer=''
have_v4l2buffer='yes'
have_videodisplay='yes'
have_windows=''
have_x86='yes'
host='x86_64-unknown-linux-gnu'
host_alias=''
host_cpu='x86_64'
host_os='linux-gnu'
host_vendor='unknown'
htmldir='${docdir}'
includedir='${prefix}/include'
infodir='${datarootdir}/info'
libdir='${exec_prefix}/lib'
libexecdir='${exec_prefix}/libexec'
localedir='${datarootdir}/locale'
localstatedir='${prefix}/var'
major='0'
mandir='${datarootdir}/man'
minor='8'
oldincludedir='/usr/include'
osx_hacks=''
pdfdir='${docdir}'
prefix='/usr/local'
program_transform_name='s,x,x,'
progs='progs/cvd_display_image progs/video_play_source '
psdir='${docdir}'
sbindir='${exec_prefix}/sbin'
sharedstatedir='${prefix}/com'
sysconfdir='${prefix}/etc'
target_alias=''
testprogs='test/diskbuffer2 test/test_images test/v4lbuffer_mono test/v4lbuffer_bayerrgb test/v4l2buffer test/font test/bayer_test '

## ----------- ##
## confdefs.h. ##
## ----------- ##

/* confdefs.h */
#define PACKAGE_NAME "CVD"
#define PACKAGE_TARNAME "cvd"
#define PACKAGE_VERSION "0.8"
#define PACKAGE_STRING "CVD 0.8"
#define PACKAGE_BUGREPORT ""
#define PACKAGE_URL ""
#define STDC_HEADERS 1
#define CVD_MAJOR_VERSION 0
#define CVD_MINOR_VERSION 8
#define HAVE_SYS_TYPES_H 1
#define HAVE_SYS_STAT_H 1
#define HAVE_STDLIB_H 1
#define HAVE_STRING_H 1
#define HAVE_MEMORY_H 1
#define HAVE_STRINGS_H 1
#define HAVE_INTTYPES_H 1
#define HAVE_STDINT_H 1
#define HAVE_UNISTD_H 1
#define CVD_ARCH_LITTLE_ENDIAN 1
#define CVD_HAVE_MMX 1
#define CVD_HAVE_MMXEXT 1
#define CVD_HAVE_SSE 1
#define CVD_HAVE_SSE2 1
#define CVD_HAVE_SSE3 1
#define SIZEOF_VOIDP 8
#define CVD_HAVE_INLINE_ASM 1
#define CVD_HAVE_ASSEMBLER 1
#define HAVE_DC1394_DC1394_H 1
#define HAVE_LIBDC1394 1
#define CVD_HAVE_DC1394V2 1
#define CVD_HAVE_V4L2BUFFER 1
#define HAVE_LIBRT 1
#define CVD_HAVE_POSIX_RT 1
#define CVD_HAVE_PTHREAD 1
#define HAVE_LIBGL 1
#define HAVE_GL_GLU_H 1
#define HAVE_LIBGLU 1
#define CVD_HAVE_VIDEODISPLAY 1
#define CVD_INTERNAL_NEED_TR1 1
#define HAVE_LIBLAPACK 1
#define CVD_HAVE_LAPACK 1
#define HAVE_PNG_H 1
#define HAVE_LIBPNG 1
#define HAVE_LIBPNG 1
#define CVD_HAVE_PNG 1
#define HAVE_JPEGLIB_H 1
#define HAVE_LIBJPEG 1
#define CVD_HAVE_JPEG 1
#define CVD_INTERNAL_JPEG_BUFFER_SIZE 1
#define HAVE_TIFFIO_H 1
#define HAVE_LIBTIFF 1
#define CVD_HAVE_TIFF 1
#define CVD_INTERNAL_HAVE_TIFF_ORIENTED 1
#define HAVE_GLOB_H 1
#define CVD_HAVE_GLOB 1
#define CVD_HAVE_FENV_H 1
#define CVD_HAVE_MEMALIGN 1
#define CVD_HAVE_DVBUFFER3 1
#define CVD_HAVE_V4LBUFFER 1

configure: exit 0
